This is pdfTeX, Version 3.1415926-2.3-1.40.12 (TeX Live 2011) (format=pdflatex 2011.8.17)  11 JAN 2012 14:25
entering extended mode
 restricted \write18 enabled.
 file:line:error style messages enabled.
 %&-line parsing enabled.
**gstudio.tex
(./gstudio.tex
LaTeX2e <2011/06/27>
Babel <v3.8m> and hyphenation patterns for english, dumylang, nohyphenation, ge
rman-x-2011-07-01, ngerman-x-2011-07-01, afrikaans, ancientgreek, ibycus, arabi
c, armenian, basque, bulgarian, catalan, pinyin, coptic, croatian, czech, danis
h, dutch, ukenglish, usenglishmax, esperanto, estonian, ethiopic, farsi, finnis
h, french, galician, german, ngerman, swissgerman, monogreek, greek, hungarian,
 icelandic, assamese, bengali, gujarati, hindi, kannada, malayalam, marathi, or
iya, panjabi, tamil, telugu, indonesian, interlingua, irish, italian, kurmanji,
 lao, latin, latvian, lithuanian, mongolian, mongolianlmc, bokmal, nynorsk, pol
ish, portuguese, romanian, russian, sanskrit, serbian, serbianc, slovak, sloven
ian, spanish, swedish, turkish, turkmen, ukrainian, uppersorbian, welsh, loaded
.
(/usr/local/texlive/2011/texmf-dist/tex/latex/base/book.cls
Document Class: book 2007/10/19 v1.4h Standard LaTeX document class
(/usr/local/texlive/2011/texmf-dist/tex/latex/base/bk10.clo
File: bk10.clo 2007/10/19 v1.4h Standard LaTeX file (size option)
)
\c@part=\count79
\c@chapter=\count80
\c@section=\count81
\c@subsection=\count82
\c@subsubsection=\count83
\c@paragraph=\count84
\c@subparagraph=\count85
\c@figure=\count86
\c@table=\count87
\abovecaptionskip=\skip41
\belowcaptionskip=\skip42
\bibindent=\dimen102
)
(/usr/local/texlive/2011/texmf-dist/tex/latex/geometry/geometry.sty
Package: geometry 2010/09/12 v5.6 Page Geometry

(/usr/local/texlive/2011/texmf-dist/tex/latex/graphics/keyval.sty
Package: keyval 1999/03/16 v1.13 key=value parser (DPC)
\KV@toks@=\toks14
)
(/usr/local/texlive/2011/texmf-dist/tex/generic/oberdiek/ifpdf.sty
Package: ifpdf 2011/01/30 v2.3 Provides the ifpdf switch (HO)
Package ifpdf Info: pdfTeX in PDF mode is detected.
)
(/usr/local/texlive/2011/texmf-dist/tex/generic/oberdiek/ifvtex.sty
Package: ifvtex 2010/03/01 v1.5 Switches for detecting VTeX and its modes (HO)
Package ifvtex Info: VTeX not detected.
)
(/usr/local/texlive/2011/texmf-dist/tex/generic/ifxetex/ifxetex.sty
Package: ifxetex 2010/09/12 v0.6 Provides ifxetex conditional
)
\Gm@cnth=\count88
\Gm@cntv=\count89
\c@Gm@tempcnt=\count90
\Gm@bindingoffset=\dimen103
\Gm@wd@mp=\dimen104
\Gm@odd@mp=\dimen105
\Gm@even@mp=\dimen106
\Gm@layoutwidth=\dimen107
\Gm@layoutheight=\dimen108
\Gm@layouthoffset=\dimen109
\Gm@layoutvoffset=\dimen110
\Gm@dimlist=\toks15
)
(/usr/local/texlive/2011/texmf-dist/tex/latex/base/fontenc.sty
Package: fontenc 2005/09/27 v1.99g Standard LaTeX package

(/usr/local/texlive/2011/texmf-dist/tex/latex/base/t1enc.def
File: t1enc.def 2005/09/27 v1.99g Standard LaTeX file
LaTeX Font Info:    Redeclaring font encoding T1 on input line 43.
))
(/usr/local/texlive/2011/texmf-dist/tex/latex/psnfss/helvet.sty
Package: helvet 2005/04/12 PSNFSS-v9.2a (WaS) 
)
(/usr/local/texlive/2011/texmf-dist/tex/latex/kerkis/kmath.sty
(/usr/local/texlive/2011/texmf-dist/tex/latex/txfonts/txfonts.sty
Package: txfonts 2008/01/22 v3.2.1
LaTeX Font Info:    Redeclaring symbol font `operators' on input line 21.
LaTeX Font Info:    Overwriting symbol font `operators' in version `normal'
(Font)                  OT1/cmr/m/n --> OT1/txr/m/n on input line 21.
LaTeX Font Info:    Overwriting symbol font `operators' in version `bold'
(Font)                  OT1/cmr/bx/n --> OT1/txr/m/n on input line 21.
LaTeX Font Info:    Overwriting symbol font `operators' in version `bold'
(Font)                  OT1/txr/m/n --> OT1/txr/bx/n on input line 22.
\symitalic=\mathgroup4
LaTeX Font Info:    Overwriting symbol font `italic' in version `bold'
(Font)                  OT1/txr/m/it --> OT1/txr/bx/it on input line 26.
LaTeX Font Info:    Redeclaring math alphabet \mathbf on input line 29.
LaTeX Font Info:    Overwriting math alphabet `\mathbf' in version `normal'
(Font)                  OT1/cmr/bx/n --> OT1/txr/bx/n on input line 29.
LaTeX Font Info:    Overwriting math alphabet `\mathbf' in version `bold'
(Font)                  OT1/cmr/bx/n --> OT1/txr/bx/n on input line 29.
LaTeX Font Info:    Redeclaring math alphabet \mathit on input line 30.
LaTeX Font Info:    Overwriting math alphabet `\mathit' in version `normal'
(Font)                  OT1/cmr/m/it --> OT1/txr/m/it on input line 30.
LaTeX Font Info:    Overwriting math alphabet `\mathit' in version `bold'
(Font)                  OT1/cmr/bx/it --> OT1/txr/m/it on input line 30.
LaTeX Font Info:    Overwriting math alphabet `\mathit' in version `bold'
(Font)                  OT1/txr/m/it --> OT1/txr/bx/it on input line 31.
LaTeX Font Info:    Redeclaring math alphabet \mathsf on input line 40.
LaTeX Font Info:    Overwriting math alphabet `\mathsf' in version `normal'
(Font)                  OT1/cmss/m/n --> OT1/txss/m/n on input line 40.
LaTeX Font Info:    Overwriting math alphabet `\mathsf' in version `bold'
(Font)                  OT1/cmss/bx/n --> OT1/txss/m/n on input line 40.
LaTeX Font Info:    Overwriting math alphabet `\mathsf' in version `bold'
(Font)                  OT1/txss/m/n --> OT1/txss/b/n on input line 41.
LaTeX Font Info:    Redeclaring math alphabet \mathtt on input line 50.
LaTeX Font Info:    Overwriting math alphabet `\mathtt' in version `normal'
(Font)                  OT1/cmtt/m/n --> OT1/txtt/m/n on input line 50.
LaTeX Font Info:    Overwriting math alphabet `\mathtt' in version `bold'
(Font)                  OT1/cmtt/m/n --> OT1/txtt/m/n on input line 50.
LaTeX Font Info:    Overwriting math alphabet `\mathtt' in version `bold'
(Font)                  OT1/txtt/m/n --> OT1/txtt/b/n on input line 51.
LaTeX Font Info:    Redeclaring symbol font `letters' on input line 58.
LaTeX Font Info:    Overwriting symbol font `letters' in version `normal'
(Font)                  OML/cmm/m/it --> OML/txmi/m/it on input line 58.
LaTeX Font Info:    Overwriting symbol font `letters' in version `bold'
(Font)                  OML/cmm/b/it --> OML/txmi/m/it on input line 58.
LaTeX Font Info:    Overwriting symbol font `letters' in version `bold'
(Font)                  OML/txmi/m/it --> OML/txmi/bx/it on input line 59.
\symlettersA=\mathgroup5
LaTeX Font Info:    Overwriting symbol font `lettersA' in version `bold'
(Font)                  U/txmia/m/it --> U/txmia/bx/it on input line 67.
LaTeX Font Info:    Redeclaring symbol font `symbols' on input line 77.
LaTeX Font Info:    Overwriting symbol font `symbols' in version `normal'
(Font)                  OMS/cmsy/m/n --> OMS/txsy/m/n on input line 77.
LaTeX Font Info:    Overwriting symbol font `symbols' in version `bold'
(Font)                  OMS/cmsy/b/n --> OMS/txsy/m/n on input line 77.
LaTeX Font Info:    Overwriting symbol font `symbols' in version `bold'
(Font)                  OMS/txsy/m/n --> OMS/txsy/bx/n on input line 78.
\symAMSa=\mathgroup6
LaTeX Font Info:    Overwriting symbol font `AMSa' in version `bold'
(Font)                  U/txsya/m/n --> U/txsya/bx/n on input line 94.
\symAMSb=\mathgroup7
LaTeX Font Info:    Overwriting symbol font `AMSb' in version `bold'
(Font)                  U/txsyb/m/n --> U/txsyb/bx/n on input line 103.
\symsymbolsC=\mathgroup8
LaTeX Font Info:    Overwriting symbol font `symbolsC' in version `bold'
(Font)                  U/txsyc/m/n --> U/txsyc/bx/n on input line 113.
LaTeX Font Info:    Redeclaring symbol font `largesymbols' on input line 120.
LaTeX Font Info:    Overwriting symbol font `largesymbols' in version `normal'
(Font)                  OMX/cmex/m/n --> OMX/txex/m/n on input line 120.
LaTeX Font Info:    Overwriting symbol font `largesymbols' in version `bold'
(Font)                  OMX/cmex/m/n --> OMX/txex/m/n on input line 120.
LaTeX Font Info:    Overwriting symbol font `largesymbols' in version `bold'
(Font)                  OMX/txex/m/n --> OMX/txex/bx/n on input line 121.
\symlargesymbolsA=\mathgroup9
LaTeX Font Info:    Overwriting symbol font `largesymbolsA' in version `bold'
(Font)                  U/txexa/m/n --> U/txexa/bx/n on input line 129.
LaTeX Info: Redefining \not on input line 1043.
)
LaTeX Font Info:    Redeclaring symbol font `letters' on input line 3.
LaTeX Font Info:    Overwriting symbol font `letters' in version `normal'
(Font)                  OML/txmi/m/it --> OML/mak/m/it on input line 3.
LaTeX Font Info:    Overwriting symbol font `letters' in version `bold'
(Font)                  OML/txmi/bx/it --> OML/mak/m/it on input line 3.
LaTeX Font Info:    Overwriting symbol font `letters' in version `bold'
(Font)                  OML/mak/m/it --> OML/mak/b/it on input line 4.
\symkerkisnumbers=\mathgroup10
LaTeX Font Info:    Overwriting symbol font `letters' in version `bold'
(Font)                  OML/mak/b/it --> OML/mak/b/it on input line 10.
LaTeX Font Info:    Overwriting math alphabet `\mathrm' in version `normal'
(Font)                  OT1/txr/m/n --> T1/txr/m/n on input line 21.
LaTeX Font Info:    Overwriting math alphabet `\mathbf' in version `normal'
(Font)                  OT1/txr/bx/n --> T1/txr/b/n on input line 22.
LaTeX Font Info:    Overwriting math alphabet `\mathit' in version `normal'
(Font)                  OT1/txr/m/it --> T1/txr/m/it on input line 23.
LaTeX Font Info:    Overwriting math alphabet `\mathsf' in version `normal'
(Font)                  OT1/txss/m/n --> T1/txss/m/n on input line 24.
LaTeX Font Info:    Overwriting math alphabet `\mathtt' in version `normal'
(Font)                  OT1/txtt/m/n --> T1/txtt/m/n on input line 25.
)
(/usr/local/texlive/2011/texmf-dist/tex/latex/kerkis/kerkis.sty
File: kerkis.sty 2000/02/25 v1.5 Package `kerkis.sty'
  
***********************************************
******** Loading The Kerkis FontFamily ********
********** Department of Mathematics **********
*********** University of the Aegean **********
***********************************************
LaTeX Info: Redefining \LaTeX on input line 156.
LaTeX Info: Redefining \LaTeXe on input line 166.
)
(/usr/local/texlive/2011/texmf-dist/tex/latex/parskip/parskip.sty
Package: parskip 2001/04/09 non-zero parskip adjustments
)
(/usr/local/texlive/2011/texmf-dist/tex/latex/base/makeidx.sty
Package: makeidx 2000/03/29 v1.0m Standard LaTeX package
)
(/Users/rodney/Library/texmf/tex/latex/Sweave.sty
Package: Sweave 

(/usr/local/texlive/2011/texmf-dist/tex/latex/base/ifthen.sty
Package: ifthen 2001/05/26 v1.1c Standard LaTeX ifthen package (DPC)
)
(/usr/local/texlive/2011/texmf-dist/tex/latex/graphics/graphicx.sty
Package: graphicx 1999/02/16 v1.0f Enhanced LaTeX Graphics (DPC,SPQR)

(/usr/local/texlive/2011/texmf-dist/tex/latex/graphics/graphics.sty
Package: graphics 2009/02/05 v1.0o Standard LaTeX Graphics (DPC,SPQR)

(/usr/local/texlive/2011/texmf-dist/tex/latex/graphics/trig.sty
Package: trig 1999/03/16 v1.09 sin cos tan (DPC)
)
(/usr/local/texlive/2011/texmf-dist/tex/latex/latexconfig/graphics.cfg
File: graphics.cfg 2010/04/23 v1.9 graphics configuration of TeX Live
)
Package graphics Info: Driver file: pdftex.def on input line 91.

(/usr/local/texlive/2011/texmf-dist/tex/latex/pdftex-def/pdftex.def
File: pdftex.def 2011/05/27 v0.06d Graphics/color for pdfTeX

(/usr/local/texlive/2011/texmf-dist/tex/generic/oberdiek/infwarerr.sty
Package: infwarerr 2010/04/08 v1.3 Providing info/warning/message (HO)
)
(/usr/local/texlive/2011/texmf-dist/tex/generic/oberdiek/ltxcmds.sty
Package: ltxcmds 2011/04/18 v1.20 LaTeX kernel commands for general use (HO)
)
\Gread@gobject=\count91
))
\Gin@req@height=\dimen111
\Gin@req@width=\dimen112
)
(/usr/local/texlive/2011/texmf-dist/tex/latex/fancyvrb/fancyvrb.sty
Package: fancyvrb 2008/02/07

Style option: `fancyvrb' v2.7a, with DG/SPQR fixes, and firstline=lastline fix 
<2008/02/07> (tvz)
\FV@CodeLineNo=\count92
\FV@InFile=\read1
\FV@TabBox=\box26
\c@FancyVerbLine=\count93
\FV@StepNumber=\count94
\FV@OutFile=\write3
) (/Users/rodney/Library/texmf/tex/latex/upquote.sty
Package: upquote 2003/08/11 v1.1 Covington's upright-quote modification to verb
atim and verb

(/usr/local/texlive/2011/texmf-dist/tex/latex/base/textcomp.sty
Package: textcomp 2005/09/27 v1.99g Standard LaTeX package
Package textcomp Info: Sub-encoding information:
(textcomp)               5 = only ISO-Adobe without \textcurrency
(textcomp)               4 = 5 + \texteuro
(textcomp)               3 = 4 + \textohm
(textcomp)               2 = 3 + \textestimated + \textcurrency
(textcomp)               1 = TS1 - \textcircled - \t
(textcomp)               0 = TS1 (full)
(textcomp)             Font families with sub-encoding setting implement
(textcomp)             only a restricted character set as indicated.
(textcomp)             Family '?' is the default used for unknown fonts.
(textcomp)             See the documentation for details.
Package textcomp Info: Setting ? sub-encoding to TS1/1 on input line 71.

(/usr/local/texlive/2011/texmf-dist/tex/latex/base/ts1enc.def
File: ts1enc.def 2001/06/05 v3.0e (jk/car/fm) Standard LaTeX file
)
LaTeX Info: Redefining \oldstylenums on input line 266.
Package textcomp Info: Setting cmr sub-encoding to TS1/0 on input line 281.
Package textcomp Info: Setting cmss sub-encoding to TS1/0 on input line 282.
Package textcomp Info: Setting cmtt sub-encoding to TS1/0 on input line 283.
Package textcomp Info: Setting cmvtt sub-encoding to TS1/0 on input line 284.
Package textcomp Info: Setting cmbr sub-encoding to TS1/0 on input line 285.
Package textcomp Info: Setting cmtl sub-encoding to TS1/0 on input line 286.
Package textcomp Info: Setting ccr sub-encoding to TS1/0 on input line 287.
Package textcomp Info: Setting ptm sub-encoding to TS1/4 on input line 288.
Package textcomp Info: Setting pcr sub-encoding to TS1/4 on input line 289.
Package textcomp Info: Setting phv sub-encoding to TS1/4 on input line 290.
Package textcomp Info: Setting ppl sub-encoding to TS1/3 on input line 291.
Package textcomp Info: Setting pag sub-encoding to TS1/4 on input line 292.
Package textcomp Info: Setting pbk sub-encoding to TS1/4 on input line 293.
Package textcomp Info: Setting pnc sub-encoding to TS1/4 on input line 294.
Package textcomp Info: Setting pzc sub-encoding to TS1/4 on input line 295.
Package textcomp Info: Setting bch sub-encoding to TS1/4 on input line 296.
Package textcomp Info: Setting put sub-encoding to TS1/5 on input line 297.
Package textcomp Info: Setting uag sub-encoding to TS1/5 on input line 298.
Package textcomp Info: Setting ugq sub-encoding to TS1/5 on input line 299.
Package textcomp Info: Setting ul8 sub-encoding to TS1/4 on input line 300.
Package textcomp Info: Setting ul9 sub-encoding to TS1/4 on input line 301.
Package textcomp Info: Setting augie sub-encoding to TS1/5 on input line 302.
Package textcomp Info: Setting dayrom sub-encoding to TS1/3 on input line 303.
Package textcomp Info: Setting dayroms sub-encoding to TS1/3 on input line 304.

Package textcomp Info: Setting pxr sub-encoding to TS1/0 on input line 305.
Package textcomp Info: Setting pxss sub-encoding to TS1/0 on input line 306.
Package textcomp Info: Setting pxtt sub-encoding to TS1/0 on input line 307.
Package textcomp Info: Setting txr sub-encoding to TS1/0 on input line 308.
Package textcomp Info: Setting txss sub-encoding to TS1/0 on input line 309.
Package textcomp Info: Setting txtt sub-encoding to TS1/0 on input line 310.
Package textcomp Info: Setting lmr sub-encoding to TS1/0 on input line 311.
Package textcomp Info: Setting lmdh sub-encoding to TS1/0 on input line 312.
Package textcomp Info: Setting lmss sub-encoding to TS1/0 on input line 313.
Package textcomp Info: Setting lmssq sub-encoding to TS1/0 on input line 314.
Package textcomp Info: Setting lmvtt sub-encoding to TS1/0 on input line 315.
Package textcomp Info: Setting qhv sub-encoding to TS1/0 on input line 316.
Package textcomp Info: Setting qag sub-encoding to TS1/0 on input line 317.
Package textcomp Info: Setting qbk sub-encoding to TS1/0 on input line 318.
Package textcomp Info: Setting qcr sub-encoding to TS1/0 on input line 319.
Package textcomp Info: Setting qcs sub-encoding to TS1/0 on input line 320.
Package textcomp Info: Setting qpl sub-encoding to TS1/0 on input line 321.
Package textcomp Info: Setting qtm sub-encoding to TS1/0 on input line 322.
Package textcomp Info: Setting qzc sub-encoding to TS1/0 on input line 323.
Package textcomp Info: Setting qhvc sub-encoding to TS1/0 on input line 324.
Package textcomp Info: Setting futs sub-encoding to TS1/4 on input line 325.
Package textcomp Info: Setting futx sub-encoding to TS1/4 on input line 326.
Package textcomp Info: Setting futj sub-encoding to TS1/4 on input line 327.
Package textcomp Info: Setting hlh sub-encoding to TS1/3 on input line 328.
Package textcomp Info: Setting hls sub-encoding to TS1/3 on input line 329.
Package textcomp Info: Setting hlst sub-encoding to TS1/3 on input line 330.
Package textcomp Info: Setting hlct sub-encoding to TS1/5 on input line 331.
Package textcomp Info: Setting hlx sub-encoding to TS1/5 on input line 332.
Package textcomp Info: Setting hlce sub-encoding to TS1/5 on input line 333.
Package textcomp Info: Setting hlcn sub-encoding to TS1/5 on input line 334.
Package textcomp Info: Setting hlcw sub-encoding to TS1/5 on input line 335.
Package textcomp Info: Setting hlcf sub-encoding to TS1/5 on input line 336.
Package textcomp Info: Setting pplx sub-encoding to TS1/3 on input line 337.
Package textcomp Info: Setting pplj sub-encoding to TS1/3 on input line 338.
Package textcomp Info: Setting ptmx sub-encoding to TS1/4 on input line 339.
Package textcomp Info: Setting ptmj sub-encoding to TS1/4 on input line 340.
))
(/usr/local/texlive/2011/texmf-dist/tex/latex/base/fontenc.sty
Package: fontenc 2005/09/27 v1.99g Standard LaTeX package

(/usr/local/texlive/2011/texmf-dist/tex/latex/base/t1enc.def
File: t1enc.def 2005/09/27 v1.99g Standard LaTeX file
LaTeX Font Info:    Redeclaring font encoding T1 on input line 43.
))
(/usr/local/texlive/2011/texmf-dist/tex/latex/ae/ae.sty
Package: ae 2001/02/12 1.3 Almost European Computer Modern

(/usr/local/texlive/2011/texmf-dist/tex/latex/base/fontenc.sty
Package: fontenc 2005/09/27 v1.99g Standard LaTeX package

(/usr/local/texlive/2011/texmf-dist/tex/latex/base/t1enc.def
File: t1enc.def 2005/09/27 v1.99g Standard LaTeX file
LaTeX Font Info:    Redeclaring font encoding T1 on input line 43.
)
LaTeX Font Info:    Try loading font information for T1+aer on input line 100.

(/usr/local/texlive/2011/texmf-dist/tex/latex/ae/t1aer.fd
File: t1aer.fd 1997/11/16 Font definitions for T1/aer.
))))
(/usr/local/texlive/2011/texmf-dist/tex/latex/amsfonts/amssymb.sty
Package: amssymb 2009/06/22 v3.00

(/usr/local/texlive/2011/texmf-dist/tex/latex/amsfonts/amsfonts.sty
Package: amsfonts 2009/06/22 v3.00 Basic AMSFonts support
\@emptytoks=\toks16
LaTeX Font Info:    Redeclaring symbol font `AMSa' on input line 49.
LaTeX Font Info:    Overwriting symbol font `AMSa' in version `normal'
(Font)                  U/txsya/m/n --> U/msa/m/n on input line 49.
LaTeX Font Info:    Overwriting symbol font `AMSa' in version `bold'
(Font)                  U/txsya/bx/n --> U/msa/m/n on input line 49.
LaTeX Font Info:    Redeclaring symbol font `AMSb' on input line 50.
LaTeX Font Info:    Overwriting symbol font `AMSb' in version `normal'
(Font)                  U/txsyb/m/n --> U/msb/m/n on input line 50.
LaTeX Font Info:    Overwriting symbol font `AMSb' in version `bold'
(Font)                  U/txsyb/bx/n --> U/msb/m/n on input line 50.
LaTeX Font Info:    Redeclaring math delimiter \ulcorner on input line 64.
LaTeX Font Info:    Redeclaring math delimiter \urcorner on input line 65.
LaTeX Font Info:    Redeclaring math delimiter \llcorner on input line 66.
LaTeX Font Info:    Redeclaring math delimiter \lrcorner on input line 67.
LaTeX Font Info:    Redeclaring math alphabet \mathfrak on input line 95.
LaTeX Font Info:    Overwriting math alphabet `\mathfrak' in version `bold'
(Font)                  U/euf/m/n --> U/euf/b/n on input line 96.
LaTeX Font Info:    Redeclaring math symbol \square on input line 128.
LaTeX Font Info:    Redeclaring math symbol \lozenge on input line 129.
LaTeX Font Info:    Redeclaring math symbol \vartriangleright on input line 130
.
LaTeX Font Info:    Redeclaring math symbol \vartriangleleft on input line 131.

LaTeX Font Info:    Redeclaring math symbol \trianglerighteq on input line 132.

LaTeX Font Info:    Redeclaring math symbol \trianglelefteq on input line 133.
LaTeX Font Info:    Redeclaring math symbol \rightsquigarrow on input line 134.

)
LaTeX Font Info:    Redeclaring math symbol \boxdot on input line 39.
LaTeX Font Info:    Redeclaring math symbol \boxplus on input line 40.
LaTeX Font Info:    Redeclaring math symbol \boxtimes on input line 41.
LaTeX Font Info:    Redeclaring math symbol \blacksquare on input line 43.
LaTeX Font Info:    Redeclaring math symbol \centerdot on input line 44.
LaTeX Font Info:    Redeclaring math symbol \blacklozenge on input line 46.
LaTeX Font Info:    Redeclaring math symbol \circlearrowright on input line 47.

LaTeX Font Info:    Redeclaring math symbol \circlearrowleft on input line 48.
LaTeX Font Info:    Redeclaring math symbol \leftrightharpoons on input line 51
.
LaTeX Font Info:    Redeclaring math symbol \boxminus on input line 52.
LaTeX Font Info:    Redeclaring math symbol \Vdash on input line 53.
LaTeX Font Info:    Redeclaring math symbol \Vvdash on input line 54.
LaTeX Font Info:    Redeclaring math symbol \vDash on input line 55.
LaTeX Font Info:    Redeclaring math symbol \twoheadrightarrow on input line 56
.
LaTeX Font Info:    Redeclaring math symbol \twoheadleftarrow on input line 57.

LaTeX Font Info:    Redeclaring math symbol \leftleftarrows on input line 58.
LaTeX Font Info:    Redeclaring math symbol \rightrightarrows on input line 59.

LaTeX Font Info:    Redeclaring math symbol \upuparrows on input line 60.
LaTeX Font Info:    Redeclaring math symbol \downdownarrows on input line 61.
LaTeX Font Info:    Redeclaring math symbol \upharpoonright on input line 62.
LaTeX Font Info:    Redeclaring math symbol \downharpoonright on input line 64.

LaTeX Font Info:    Redeclaring math symbol \upharpoonleft on input line 65.
LaTeX Font Info:    Redeclaring math symbol \downharpoonleft on input line 66.
LaTeX Font Info:    Redeclaring math symbol \rightarrowtail on input line 67.
LaTeX Font Info:    Redeclaring math symbol \leftarrowtail on input line 68.
LaTeX Font Info:    Redeclaring math symbol \leftrightarrows on input line 69.
LaTeX Font Info:    Redeclaring math symbol \rightleftarrows on input line 70.
LaTeX Font Info:    Redeclaring math symbol \Lsh on input line 71.
LaTeX Font Info:    Redeclaring math symbol \Rsh on input line 72.
LaTeX Font Info:    Redeclaring math symbol \leftrightsquigarrow on input line 
74.
LaTeX Font Info:    Redeclaring math symbol \looparrowleft on input line 75.
LaTeX Font Info:    Redeclaring math symbol \looparrowright on input line 76.
LaTeX Font Info:    Redeclaring math symbol \circeq on input line 77.
LaTeX Font Info:    Redeclaring math symbol \succsim on input line 78.
LaTeX Font Info:    Redeclaring math symbol \gtrsim on input line 79.
LaTeX Font Info:    Redeclaring math symbol \gtrapprox on input line 80.
LaTeX Font Info:    Redeclaring math symbol \multimap on input line 81.
LaTeX Font Info:    Redeclaring math symbol \therefore on input line 82.
LaTeX Font Info:    Redeclaring math symbol \because on input line 83.
LaTeX Font Info:    Redeclaring math symbol \doteqdot on input line 84.
LaTeX Font Info:    Redeclaring math symbol \triangleq on input line 86.
LaTeX Font Info:    Redeclaring math symbol \precsim on input line 87.
LaTeX Font Info:    Redeclaring math symbol \lesssim on input line 88.
LaTeX Font Info:    Redeclaring math symbol \lessapprox on input line 89.
LaTeX Font Info:    Redeclaring math symbol \eqslantless on input line 90.
LaTeX Font Info:    Redeclaring math symbol \eqslantgtr on input line 91.
LaTeX Font Info:    Redeclaring math symbol \curlyeqprec on input line 92.
LaTeX Font Info:    Redeclaring math symbol \curlyeqsucc on input line 93.
LaTeX Font Info:    Redeclaring math symbol \preccurlyeq on input line 94.
LaTeX Font Info:    Redeclaring math symbol \leqq on input line 95.
LaTeX Font Info:    Redeclaring math symbol \leqslant on input line 96.
LaTeX Font Info:    Redeclaring math symbol \lessgtr on input line 97.
LaTeX Font Info:    Redeclaring math symbol \backprime on input line 98.
LaTeX Font Info:    Redeclaring math symbol \risingdotseq on input line 99.
LaTeX Font Info:    Redeclaring math symbol \fallingdotseq on input line 100.
LaTeX Font Info:    Redeclaring math symbol \succcurlyeq on input line 101.
LaTeX Font Info:    Redeclaring math symbol \geqq on input line 102.
LaTeX Font Info:    Redeclaring math symbol \geqslant on input line 103.
LaTeX Font Info:    Redeclaring math symbol \gtrless on input line 104.
LaTeX Font Info:    Redeclaring math symbol \bigstar on input line 112.
LaTeX Font Info:    Redeclaring math symbol \between on input line 113.
LaTeX Font Info:    Redeclaring math symbol \blacktriangledown on input line 11
4.
LaTeX Font Info:    Redeclaring math symbol \blacktriangleright on input line 1
15.
LaTeX Font Info:    Redeclaring math symbol \blacktriangleleft on input line 11
6.
LaTeX Font Info:    Redeclaring math symbol \vartriangle on input line 117.
LaTeX Font Info:    Redeclaring math symbol \blacktriangle on input line 118.
LaTeX Font Info:    Redeclaring math symbol \triangledown on input line 119.
LaTeX Font Info:    Redeclaring math symbol \eqcirc on input line 120.
LaTeX Font Info:    Redeclaring math symbol \lesseqgtr on input line 121.
LaTeX Font Info:    Redeclaring math symbol \gtreqless on input line 122.
LaTeX Font Info:    Redeclaring math symbol \lesseqqgtr on input line 123.
LaTeX Font Info:    Redeclaring math symbol \gtreqqless on input line 124.
LaTeX Font Info:    Redeclaring math symbol \Rrightarrow on input line 125.
LaTeX Font Info:    Redeclaring math symbol \Lleftarrow on input line 126.
LaTeX Font Info:    Redeclaring math symbol \veebar on input line 127.
LaTeX Font Info:    Redeclaring math symbol \barwedge on input line 128.
LaTeX Font Info:    Redeclaring math symbol \doublebarwedge on input line 129.
LaTeX Font Info:    Redeclaring math symbol \measuredangle on input line 132.
LaTeX Font Info:    Redeclaring math symbol \sphericalangle on input line 133.
LaTeX Font Info:    Redeclaring math symbol \varpropto on input line 134.
LaTeX Font Info:    Redeclaring math symbol \smallsmile on input line 135.
LaTeX Font Info:    Redeclaring math symbol \smallfrown on input line 136.
LaTeX Font Info:    Redeclaring math symbol \Subset on input line 137.
LaTeX Font Info:    Redeclaring math symbol \Supset on input line 138.
LaTeX Font Info:    Redeclaring math symbol \Cup on input line 139.
LaTeX Font Info:    Redeclaring math symbol \Cap on input line 141.
LaTeX Font Info:    Redeclaring math symbol \curlywedge on input line 143.
LaTeX Font Info:    Redeclaring math symbol \curlyvee on input line 144.
LaTeX Font Info:    Redeclaring math symbol \leftthreetimes on input line 145.
LaTeX Font Info:    Redeclaring math symbol \rightthreetimes on input line 146.

LaTeX Font Info:    Redeclaring math symbol \subseteqq on input line 147.
LaTeX Font Info:    Redeclaring math symbol \supseteqq on input line 148.
LaTeX Font Info:    Redeclaring math symbol \bumpeq on input line 149.
LaTeX Font Info:    Redeclaring math symbol \Bumpeq on input line 150.
LaTeX Font Info:    Redeclaring math symbol \lll on input line 151.
LaTeX Font Info:    Redeclaring math symbol \ggg on input line 153.
LaTeX Font Info:    Redeclaring math symbol \circledS on input line 155.
LaTeX Font Info:    Redeclaring math symbol \pitchfork on input line 156.
LaTeX Font Info:    Redeclaring math symbol \dotplus on input line 157.
LaTeX Font Info:    Redeclaring math symbol \backsim on input line 158.
LaTeX Font Info:    Redeclaring math symbol \backsimeq on input line 159.
LaTeX Font Info:    Redeclaring math symbol \complement on input line 160.
LaTeX Font Info:    Redeclaring math symbol \intercal on input line 161.
LaTeX Font Info:    Redeclaring math symbol \circledcirc on input line 162.
LaTeX Font Info:    Redeclaring math symbol \circledast on input line 163.
LaTeX Font Info:    Redeclaring math symbol \circleddash on input line 164.
LaTeX Font Info:    Redeclaring math symbol \lvertneqq on input line 166.
LaTeX Font Info:    Redeclaring math symbol \gvertneqq on input line 167.
LaTeX Font Info:    Redeclaring math symbol \nleq on input line 168.
LaTeX Font Info:    Redeclaring math symbol \ngeq on input line 169.
LaTeX Font Info:    Redeclaring math symbol \nless on input line 170.
LaTeX Font Info:    Redeclaring math symbol \ngtr on input line 171.
LaTeX Font Info:    Redeclaring math symbol \nprec on input line 172.
LaTeX Font Info:    Redeclaring math symbol \nsucc on input line 173.
LaTeX Font Info:    Redeclaring math symbol \lneqq on input line 174.
LaTeX Font Info:    Redeclaring math symbol \gneqq on input line 175.
LaTeX Font Info:    Redeclaring math symbol \nleqslant on input line 176.
LaTeX Font Info:    Redeclaring math symbol \ngeqslant on input line 177.
LaTeX Font Info:    Redeclaring math symbol \lneq on input line 178.
LaTeX Font Info:    Redeclaring math symbol \gneq on input line 179.
LaTeX Font Info:    Redeclaring math symbol \npreceq on input line 180.
LaTeX Font Info:    Redeclaring math symbol \nsucceq on input line 181.
LaTeX Font Info:    Redeclaring math symbol \precnsim on input line 182.
LaTeX Font Info:    Redeclaring math symbol \succnsim on input line 183.
LaTeX Font Info:    Redeclaring math symbol \lnsim on input line 184.
LaTeX Font Info:    Redeclaring math symbol \gnsim on input line 185.
LaTeX Font Info:    Redeclaring math symbol \nleqq on input line 186.
LaTeX Font Info:    Redeclaring math symbol \ngeqq on input line 187.
LaTeX Font Info:    Redeclaring math symbol \precneqq on input line 188.
LaTeX Font Info:    Redeclaring math symbol \succneqq on input line 189.
LaTeX Font Info:    Redeclaring math symbol \precnapprox on input line 190.
LaTeX Font Info:    Redeclaring math symbol \succnapprox on input line 191.
LaTeX Font Info:    Redeclaring math symbol \lnapprox on input line 192.
LaTeX Font Info:    Redeclaring math symbol \gnapprox on input line 193.
LaTeX Font Info:    Redeclaring math symbol \nsim on input line 194.
LaTeX Font Info:    Redeclaring math symbol \ncong on input line 195.
LaTeX Font Info:    Redeclaring math symbol \diagup on input line 196.
LaTeX Font Info:    Redeclaring math symbol \diagdown on input line 197.
LaTeX Font Info:    Redeclaring math symbol \varsubsetneq on input line 198.
LaTeX Font Info:    Redeclaring math symbol \varsupsetneq on input line 199.
LaTeX Font Info:    Redeclaring math symbol \nsubseteqq on input line 200.
LaTeX Font Info:    Redeclaring math symbol \nsupseteqq on input line 201.
LaTeX Font Info:    Redeclaring math symbol \subsetneqq on input line 202.
LaTeX Font Info:    Redeclaring math symbol \supsetneqq on input line 203.
LaTeX Font Info:    Redeclaring math symbol \varsubsetneqq on input line 204.
LaTeX Font Info:    Redeclaring math symbol \varsupsetneqq on input line 205.
LaTeX Font Info:    Redeclaring math symbol \subsetneq on input line 206.
LaTeX Font Info:    Redeclaring math symbol \supsetneq on input line 207.
LaTeX Font Info:    Redeclaring math symbol \nsubseteq on input line 208.
LaTeX Font Info:    Redeclaring math symbol \nsupseteq on input line 209.
LaTeX Font Info:    Redeclaring math symbol \nparallel on input line 210.
LaTeX Font Info:    Redeclaring math symbol \nmid on input line 211.
LaTeX Font Info:    Redeclaring math symbol \nshortmid on input line 212.
LaTeX Font Info:    Redeclaring math symbol \nshortparallel on input line 213.
LaTeX Font Info:    Redeclaring math symbol \nvdash on input line 214.
LaTeX Font Info:    Redeclaring math symbol \nVdash on input line 215.
LaTeX Font Info:    Redeclaring math symbol \nvDash on input line 216.
LaTeX Font Info:    Redeclaring math symbol \nVDash on input line 217.
LaTeX Font Info:    Redeclaring math symbol \ntrianglerighteq on input line 218
.
LaTeX Font Info:    Redeclaring math symbol \ntrianglelefteq on input line 219.

LaTeX Font Info:    Redeclaring math symbol \ntriangleleft on input line 220.
LaTeX Font Info:    Redeclaring math symbol \ntriangleright on input line 221.
LaTeX Font Info:    Redeclaring math symbol \nleftarrow on input line 222.
LaTeX Font Info:    Redeclaring math symbol \nrightarrow on input line 223.
LaTeX Font Info:    Redeclaring math symbol \nLeftarrow on input line 224.
LaTeX Font Info:    Redeclaring math symbol \nRightarrow on input line 225.
LaTeX Font Info:    Redeclaring math symbol \nLeftrightarrow on input line 226.

LaTeX Font Info:    Redeclaring math symbol \nleftrightarrow on input line 227.

LaTeX Font Info:    Redeclaring math symbol \divideontimes on input line 228.
LaTeX Font Info:    Redeclaring math symbol \varnothing on input line 229.
LaTeX Font Info:    Redeclaring math symbol \nexists on input line 230.
LaTeX Font Info:    Redeclaring math symbol \Finv on input line 231.
LaTeX Font Info:    Redeclaring math symbol \Game on input line 232.
LaTeX Font Info:    Redeclaring math symbol \eth on input line 235.
LaTeX Font Info:    Redeclaring math symbol \eqsim on input line 236.
LaTeX Font Info:    Redeclaring math symbol \beth on input line 237.
LaTeX Font Info:    Redeclaring math symbol \gimel on input line 238.
LaTeX Font Info:    Redeclaring math symbol \daleth on input line 239.
LaTeX Font Info:    Redeclaring math symbol \lessdot on input line 240.
LaTeX Font Info:    Redeclaring math symbol \gtrdot on input line 241.
LaTeX Font Info:    Redeclaring math symbol \ltimes on input line 242.
LaTeX Font Info:    Redeclaring math symbol \rtimes on input line 243.
LaTeX Font Info:    Redeclaring math symbol \shortmid on input line 244.
LaTeX Font Info:    Redeclaring math symbol \shortparallel on input line 245.
LaTeX Font Info:    Redeclaring math symbol \smallsetminus on input line 246.
LaTeX Font Info:    Redeclaring math symbol \thicksim on input line 247.
LaTeX Font Info:    Redeclaring math symbol \thickapprox on input line 248.
LaTeX Font Info:    Redeclaring math symbol \approxeq on input line 249.
LaTeX Font Info:    Redeclaring math symbol \succapprox on input line 250.
LaTeX Font Info:    Redeclaring math symbol \precapprox on input line 251.
LaTeX Font Info:    Redeclaring math symbol \curvearrowleft on input line 252.
LaTeX Font Info:    Redeclaring math symbol \curvearrowright on input line 253.

LaTeX Font Info:    Redeclaring math symbol \digamma on input line 254.
LaTeX Font Info:    Redeclaring math symbol \varkappa on input line 255.
LaTeX Font Info:    Redeclaring math symbol \Bbbk on input line 256.
LaTeX Font Info:    Redeclaring math symbol \hslash on input line 257.
LaTeX Font Info:    Redeclaring math symbol \backepsilon on input line 260.
)
(/usr/local/texlive/2011/texmf-dist/tex/latex/amsmath/amsmath.sty
Package: amsmath 2000/07/18 v2.13 AMS math features
\@mathmargin=\skip43

For additional information on amsmath, use the `?' option.
(/usr/local/texlive/2011/texmf-dist/tex/latex/amsmath/amstext.sty
Package: amstext 2000/06/29 v2.01

(/usr/local/texlive/2011/texmf-dist/tex/latex/amsmath/amsgen.sty
File: amsgen.sty 1999/11/30 v2.0
\@emptytoks=\toks17
\ex@=\dimen113
))
(/usr/local/texlive/2011/texmf-dist/tex/latex/amsmath/amsbsy.sty
Package: amsbsy 1999/11/29 v1.2d
\pmbraise@=\dimen114
)
(/usr/local/texlive/2011/texmf-dist/tex/latex/amsmath/amsopn.sty
Package: amsopn 1999/12/14 v2.01 operator names
)
\inf@bad=\count95
LaTeX Info: Redefining \frac on input line 211.
\uproot@=\count96
\leftroot@=\count97
LaTeX Info: Redefining \overline on input line 307.
\classnum@=\count98
\DOTSCASE@=\count99
LaTeX Info: Redefining \ldots on input line 379.
LaTeX Info: Redefining \dots on input line 382.
LaTeX Info: Redefining \cdots on input line 467.


/usr/local/texlive/2011/texmf-dist/tex/latex/amsmath/amsmath.sty:506: LaTeX Err
or: Command \iint already defined.
               Or name \end... illegal, see p.192 of the manual.

See the LaTeX manual or LaTeX Companion for explanation.
Type  H <return>  for immediate help.
 ...                                              
                                                  
l.506 ...d{\iint}{\DOTSI\protect\MultiIntegral{2}}
                                                  
Your command was ignored.
Type  I <command> <return>  to replace it with another command,
or  <return>  to continue without it.


/usr/local/texlive/2011/texmf-dist/tex/latex/amsmath/amsmath.sty:507: LaTeX Err
or: Command \iiint already defined.
               Or name \end... illegal, see p.192 of the manual.

See the LaTeX manual or LaTeX Companion for explanation.
Type  H <return>  for immediate help.
 ...                                              
                                                  
l.507 ...{\iiint}{\DOTSI\protect\MultiIntegral{3}}
                                                  
Your command was ignored.
Type  I <command> <return>  to replace it with another command,
or  <return>  to continue without it.


/usr/local/texlive/2011/texmf-dist/tex/latex/amsmath/amsmath.sty:508: LaTeX Err
or: Command \iiiint already defined.
               Or name \end... illegal, see p.192 of the manual.

See the LaTeX manual or LaTeX Companion for explanation.
Type  H <return>  for immediate help.
 ...                                              
                                                  
l.508 ...\iiiint}{\DOTSI\protect\MultiIntegral{4}}
                                                  
Your command was ignored.
Type  I <command> <return>  to replace it with another command,
or  <return>  to continue without it.


/usr/local/texlive/2011/texmf-dist/tex/latex/amsmath/amsmath.sty:509: LaTeX Err
or: Command \idotsint already defined.
               Or name \end... illegal, see p.192 of the manual.

See the LaTeX manual or LaTeX Companion for explanation.
Type  H <return>  for immediate help.
 ...                                              
                                                  
l.509 ...dotsint}{\DOTSI\protect\MultiIntegral{0}}
                                                  
Your command was ignored.
Type  I <command> <return>  to replace it with another command,
or  <return>  to continue without it.

\Mathstrutbox@=\box27
\strutbox@=\box28
\big@size=\dimen115
LaTeX Font Info:    Redeclaring font encoding OML on input line 567.
LaTeX Font Info:    Redeclaring font encoding OMS on input line 568.
\macc@depth=\count100
\c@MaxMatrixCols=\count101
\dotsspace@=\muskip10
\c@parentequation=\count102
\dspbrk@lvl=\count103
\tag@help=\toks18
\row@=\count104
\column@=\count105
\maxfields@=\count106
\andhelp@=\toks19
\eqnshift@=\dimen116
\alignsep@=\dimen117
\tagshift@=\dimen118
\tagwidth@=\dimen119
\totwidth@=\dimen120
\lineht@=\dimen121
\@envbody=\toks20
\multlinegap=\skip44
\multlinetaggap=\skip45
\mathdisplay@stack=\toks21
LaTeX Info: Redefining \[ on input line 2666.
LaTeX Info: Redefining \] on input line 2667.
) (/usr/local/texlive/2011/texmf-dist/tex/latex/curves/curves.sty
Package: curves 2009/08/31 1.53 Curves for LaTeX picture environment
\;sc=\count107
\;scp=\count108
\;t=\count109
\;cc=\count110
\;cnd=\count111
\;mcnd=\count112
\;np=\count113
\;overhang=\count114
\;pbs=\count115
\;pns=\count116
\;psc=\count117
\;rc=\count118
\;rtc=\count119
\;tc=\count120
\csdiameter=\skip46
\curvelength=\skip47
\overhang=\skip48
\;x=\skip49
\;dx=\skip50
\;ddx=\skip51
\;y=\skip52
\;dy=\skip53
\;ddy=\skip54
\;pl=\skip55
\;ucd=\skip56
\;csbox=\box29
\;pt=\box30
\;strline=\toks22
\m;ssingcoord=\toks23
\;negdash=\toks24
\;oddcoord=\toks25
\;wc=\count121
\;X=\skip57
\;Y=\skip58
)
(/usr/local/texlive/2011/texmf-dist/tex/latex/graphics/color.sty
Package: color 2005/11/14 v1.0j Standard LaTeX Color (DPC)

(/usr/local/texlive/2011/texmf-dist/tex/latex/latexconfig/color.cfg
File: color.cfg 2007/01/18 v1.5 color configuration of teTeX/TeXLive
)
Package color Info: Driver file: pdftex.def on input line 130.
)
(./gstudio.aux)
\openout1 = `gstudio.aux'.

LaTeX Font Info:    Checking defaults for OML/txmi/m/it on input line 29.
LaTeX Font Info:    Try loading font information for OML+txmi on input line 29.


(/usr/local/texlive/2011/texmf-dist/tex/latex/txfonts/omltxmi.fd
File: omltxmi.fd 2000/12/15 v3.1
)
LaTeX Font Info:    ... okay on input line 29.
LaTeX Font Info:    Checking defaults for T1/cmr/m/n on input line 29.
LaTeX Font Info:    ... okay on input line 29.
LaTeX Font Info:    Checking defaults for OT1/cmr/m/n on input line 29.
LaTeX Font Info:    ... okay on input line 29.
LaTeX Font Info:    Checking defaults for OMS/txsy/m/n on input line 29.
LaTeX Font Info:    Try loading font information for OMS+txsy on input line 29.


(/usr/local/texlive/2011/texmf-dist/tex/latex/txfonts/omstxsy.fd
File: omstxsy.fd 2000/12/15 v3.1
)
LaTeX Font Info:    ... okay on input line 29.
LaTeX Font Info:    Checking defaults for OMX/txex/m/n on input line 29.
LaTeX Font Info:    Try loading font information for OMX+txex on input line 29.


(/usr/local/texlive/2011/texmf-dist/tex/latex/txfonts/omxtxex.fd
File: omxtxex.fd 2000/12/15 v3.1
)
LaTeX Font Info:    ... okay on input line 29.
LaTeX Font Info:    Checking defaults for U/txexa/m/n on input line 29.
LaTeX Font Info:    Try loading font information for U+txexa on input line 29.

(/usr/local/texlive/2011/texmf-dist/tex/latex/txfonts/utxexa.fd
File: utxexa.fd 2000/12/15 v3.1
)
LaTeX Font Info:    ... okay on input line 29.
LaTeX Font Info:    Checking defaults for TS1/cmr/m/n on input line 29.
LaTeX Font Info:    Try loading font information for TS1+cmr on input line 29.

(/usr/local/texlive/2011/texmf-dist/tex/latex/base/ts1cmr.fd
File: ts1cmr.fd 1999/05/25 v2.5h Standard LaTeX font definitions
)
LaTeX Font Info:    ... okay on input line 29.
LaTeX Font Info:    Try loading font information for T1+aess on input line 29.

(/usr/local/texlive/2011/texmf-dist/tex/latex/ae/t1aess.fd
File: t1aess.fd 1997/11/16 Font definitions for T1/aess.
)
*geometry* driver: auto-detecting
*geometry* detected driver: pdftex
*geometry* verbose mode - [ preamble ] result:
* driver: pdftex
* paper: letterpaper
* layout: <same size as paper>
* layoutoffset:(h,v)=(0.0pt,0.0pt)
* modes: twoside 
* h-part:(L,W,R)=(54.2025pt, 505.89pt, 54.2025pt)
* v-part:(T,H,B)=(54.2025pt, 686.56499pt, 54.2025pt)
* \paperwidth=614.295pt
* \paperheight=794.96999pt
* \textwidth=505.89pt
* \textheight=686.56499pt
* \oddsidemargin=-18.06749pt
* \evensidemargin=-18.06749pt
* \topmargin=-48.13498pt
* \headheight=12.0pt
* \headsep=18.06749pt
* \topskip=10.0pt
* \footskip=25.29494pt
* \marginparwidth=125.0pt
* \marginparsep=7.0pt
* \columnsep=10.0pt
* \skip\footins=9.0pt plus 4.0pt minus 2.0pt
* \hoffset=0.0pt
* \voffset=0.0pt
* \mag=1000
* \@twocolumnfalse
* \@twosidetrue
* \@mparswitchtrue
* \@reversemarginfalse
* (1in=72.27pt=25.4mm, 1cm=28.453pt)

(/usr/local/texlive/2011/texmf-dist/tex/context/base/supp-pdf.mkii
[Loading MPS to PDF converter (version 2006.09.02).]
\scratchcounter=\count122
\scratchdimen=\dimen122
\scratchbox=\box31
\nofMPsegments=\count123
\nofMParguments=\count124
\everyMPshowfont=\toks26
\MPscratchCnt=\count125
\MPscratchDim=\dimen123
\MPnumerator=\count126
\makeMPintoPDFobject=\count127
\everyMPtoPDFconversion=\toks27
) (/usr/local/texlive/2011/texmf-dist/tex/generic/oberdiek/pdftexcmds.sty
Package: pdftexcmds 2011/04/22 v0.16 Utilities of pdfTeX for LuaTeX (HO)

(/usr/local/texlive/2011/texmf-dist/tex/generic/oberdiek/ifluatex.sty
Package: ifluatex 2010/03/01 v1.3 Provides the ifluatex switch (HO)
Package ifluatex Info: LuaTeX not detected.
)
Package pdftexcmds Info: LuaTeX not detected.
Package pdftexcmds Info: \pdf@primitive is available.
Package pdftexcmds Info: \pdf@ifprimitive is available.
Package pdftexcmds Info: \pdfdraftmode found.
)
(/usr/local/texlive/2011/texmf-dist/tex/latex/oberdiek/epstopdf-base.sty
Package: epstopdf-base 2010/02/09 v2.5 Base part for package epstopdf

(/usr/local/texlive/2011/texmf-dist/tex/latex/oberdiek/grfext.sty
Package: grfext 2010/08/19 v1.1 Managing graphics extensions (HO)

(/usr/local/texlive/2011/texmf-dist/tex/generic/oberdiek/kvdefinekeys.sty
Package: kvdefinekeys 2011/04/07 v1.3 Defining keys (HO)
))
(/usr/local/texlive/2011/texmf-dist/tex/latex/oberdiek/kvoptions.sty
Package: kvoptions 2010/12/23 v3.10 Keyval support for LaTeX options (HO)

(/usr/local/texlive/2011/texmf-dist/tex/generic/oberdiek/kvsetkeys.sty
Package: kvsetkeys 2011/04/07 v1.13 Key value parser (HO)

(/usr/local/texlive/2011/texmf-dist/tex/generic/oberdiek/etexcmds.sty
Package: etexcmds 2011/02/16 v1.5 Prefix for e-TeX command names (HO)
Package etexcmds Info: Could not find \expanded.
(etexcmds)             That can mean that you are not using pdfTeX 1.50 or
(etexcmds)             that some package has redefined \expanded.
(etexcmds)             In the latter case, load this package earlier.
)))
Package grfext Info: Graphics extension search list:
(grfext)             [.png,.pdf,.jpg,.mps,.jpeg,.jbig2,.jb2,.PNG,.PDF,.JPG,.JPE
G,.JBIG2,.JB2,.eps]
(grfext)             \AppendGraphicsExtensions on input line 452.

(/usr/local/texlive/2011/texmf-dist/tex/latex/latexconfig/epstopdf-sys.cfg
File: epstopdf-sys.cfg 2010/07/13 v1.3 Configuration of (r)epstopdf for TeX Liv
e
))
LaTeX Font Info:    Try loading font information for T1+aett on input line 31.

(/usr/local/texlive/2011/texmf-dist/tex/latex/ae/t1aett.fd
File: t1aett.fd 1997/11/16 Font definitions for T1/aett.
)
LaTeX Font Info:    Try loading font information for OT1+txr on input line 31.

(/usr/local/texlive/2011/texmf-dist/tex/latex/txfonts/ot1txr.fd
File: ot1txr.fd 2000/12/15 v3.1
)
LaTeX Font Info:    Try loading font information for OML+mak on input line 31.

(/usr/local/texlive/2011/texmf-dist/tex/latex/kerkis/omlmak.fd)
LaTeX Font Info:    Font shape `OML/mak/m/it' will be
(Font)              scaled to size 10.79993pt on input line 31.
LaTeX Font Info:    Font shape `OML/mak/m/it' will be
(Font)              scaled to size 7.19995pt on input line 31.
LaTeX Font Info:    Font shape `OML/mak/m/it' will be
(Font)              scaled to size 5.39996pt on input line 31.
LaTeX Font Info:    Try loading font information for U+txmia on input line 31.

(/usr/local/texlive/2011/texmf-dist/tex/latex/txfonts/utxmia.fd
File: utxmia.fd 2000/12/15 v3.1
)
LaTeX Font Info:    Try loading font information for U+msa on input line 31.

(/usr/local/texlive/2011/texmf-dist/tex/latex/amsfonts/umsa.fd
File: umsa.fd 2009/06/22 v3.00 AMS symbols A
)
LaTeX Font Info:    Try loading font information for U+msb on input line 31.

(/usr/local/texlive/2011/texmf-dist/tex/latex/amsfonts/umsb.fd
File: umsb.fd 2009/06/22 v3.00 AMS symbols B
)
LaTeX Font Info:    Try loading font information for U+txsyc on input line 31.

(/usr/local/texlive/2011/texmf-dist/tex/latex/txfonts/utxsyc.fd
File: utxsyc.fd 2000/12/15 v3.1
)
LaTeX Font Info:    Try loading font information for T1+mak on input line 31.

(/usr/local/texlive/2011/texmf-dist/tex/latex/kerkis/t1mak.fd)
LaTeX Font Info:    Font shape `T1/mak/m/n' will be
(Font)              scaled to size 10.79993pt on input line 31.
LaTeX Font Info:    Font shape `T1/mak/m/n' will be
(Font)              scaled to size 7.19995pt on input line 31.
LaTeX Font Info:    Font shape `T1/mak/m/n' will be
(Font)              scaled to size 5.39996pt on input line 31.
 [1


{/usr/local/texlive/2011/texmf-var/fonts/map/pdftex/updmap/pdftex.map}] [2

] [1

]
(./gstudio.toc
LaTeX Font Info:    Font shape `OML/mak/m/it' will be
(Font)              scaled to size 8.99994pt on input line 3.
LaTeX Font Info:    Font shape `OML/mak/m/it' will be
(Font)              scaled to size 6.29996pt on input line 3.
LaTeX Font Info:    Font shape `OML/mak/m/it' will be
(Font)              scaled to size 4.49997pt on input line 3.
LaTeX Font Info:    Font shape `T1/mak/m/n' will be
(Font)              scaled to size 8.99994pt on input line 3.
LaTeX Font Info:    Font shape `T1/mak/m/n' will be
(Font)              scaled to size 6.29996pt on input line 3.
LaTeX Font Info:    Font shape `T1/mak/m/n' will be
(Font)              scaled to size 4.49997pt on input line 3.
 [2

])
\tf@toc=\write4
\openout4 = `gstudio.toc'.

 [3] [4

]
Chapter 1.
LaTeX Font Info:    Font shape `T1/aess/m/it' in size <10> not available
(Font)              Font shape `T1/aess/m/sl' tried instead on input line 51.

LaTeX Font Warning: Font shape `T1/aett/bx/n' undefined
(Font)              using `T1/aett/m/n' instead on input line 63.

[1

] [2] [3] [4]
LaTeX Font Info:    Try loading font information for TS1+aett on input line 396
.
 (/Users/rodney/Library/texmf/tex/latex/ts1aett.fd
File: ts1aett.fd 
)
LaTeX Font Info:    Try loading font information for TS1+cmtt on input line 396
.

(/usr/local/texlive/2011/texmf-dist/tex/latex/base/ts1cmtt.fd
File: ts1cmtt.fd 1999/05/25 v2.5h Standard LaTeX font definitions
)
LaTeX Font Info:    Font shape `TS1/aett/m/n' in size <10> not available
(Font)              Font shape `TS1/cmtt/m/n' tried instead on input line 396.
 [5]
<SharingSettings.png, id=50, 604.2575pt x 533.995pt>
File: SharingSettings.png Graphic file (type png)
 <use SharingSettings.png>
Package pdftex.def Info: SharingSettings.png used on input line 417.
(pdftex.def)             Requested size: 252.94499pt x 223.5349pt.

[6 <./SharingSettings.png>] [7]
Chapter 2.
[8

] [9] [10] <gstudio-019.pdf, id=69, 433.62pt x 433.62pt>
File: gstudio-019.pdf Graphic file (type pdf)

<use gstudio-019.pdf>
Package pdftex.def Info: gstudio-019.pdf used on input line 716.
(pdftex.def)             Requested size: 404.71353pt x 404.7313pt.
 <gstudio-021.pdf, id=70, 433.62pt x 433.62pt>
File: gstudio-021.pdf Graphic file (type pdf)

<use gstudio-021.pdf>
Package pdftex.def Info: gstudio-021.pdf used on input line 751.
(pdftex.def)             Requested size: 404.71353pt x 404.7313pt.
 [11 <./gstudio-019.pdf>] [12 <./gstudio-021.pdf>]
Chapter 3.
[13

]
LaTeX Font Info:    Font shape `OML/mak/m/it' will be
(Font)              scaled to size 12.9599pt on input line 812.
LaTeX Font Info:    Font shape `T1/mak/m/n' will be
(Font)              scaled to size 12.9599pt on input line 812.
 <gstudio-023.pdf, id=94, 433.62pt x 433.62pt>
File: gstudio-023.pdf Graphic file (type pdf)
 <use gstudio-023.pdf>
Package pdftex.def Info: gstudio-023.pdf used on input line 836.
(pdftex.def)             Requested size: 404.71353pt x 404.7313pt.

Underfull \vbox (badness 10000) has occurred while \output is active []

 [14]
[15 <./gstudio-023.pdf>] <gstudio-024.pdf, id=108, 433.62pt x 433.62pt>
File: gstudio-024.pdf Graphic file (type pdf)

<use gstudio-024.pdf>
Package pdftex.def Info: gstudio-024.pdf used on input line 864.
(pdftex.def)             Requested size: 404.71353pt x 404.7313pt.
 [16 <./gstudio-024.pdf>]
<gstudio-025.pdf, id=120, 433.62pt x 433.62pt>
File: gstudio-025.pdf Graphic file (type pdf)
 <use gstudio-025.pdf>
Package pdftex.def Info: gstudio-025.pdf used on input line 897.
(pdftex.def)             Requested size: 404.71353pt x 404.7313pt.
 [17 <./gstudio-025.pdf>]
Chapter 4.
[18

] [19] [20] [21]

LaTeX Warning: Reference `fig:cavalli_geometry' on page 22 undefined on input l
ine 1235.

[22

] [23] [24] [25]
Chapter 5.
[26

] [27] [28] [29] [30]
Chapter 6.
[31

]
Underfull \vbox (badness 6876) has occurred while \output is active []

 [32]
[33] [34]
Overfull \hbox (2.95512pt too wide) in paragraph at lines 1994--1995
[]\T1/aess/m/n/10 Which means that on av-er-age, these loci are ex-pected to be
 able to ex-clude 98.6% of po-ten-tial fa-thers for an mother/offspring
 []

[35] <gstudio-061.pdf, id=197, 433.62pt x 433.62pt>
File: gstudio-061.pdf Graphic file (type pdf)
 <use gstudio-061.pdf>
Package pdftex.def Info: gstudio-061.pdf used on input line 2046.
(pdftex.def)             Requested size: 404.71353pt x 404.7313pt.

[36] [37 <./gstudio-061.pdf>]
Chapter 7.
<gstudio-063.pdf, id=211, 433.62pt x 433.62pt>
File: gstudio-063.pdf Graphic file (type pdf)
 <use gstudio-063.pdf>
Package pdftex.def Info: gstudio-063.pdf used on input line 2095.
(pdftex.def)             Requested size: 404.71353pt x 404.7313pt.

Underfull \vbox (badness 10000) has occurred while \output is active []

 [38

]
<gstudio-065.pdf, id=215, 433.62pt x 433.62pt>
File: gstudio-065.pdf Graphic file (type pdf)
 <use gstudio-065.pdf>
Package pdftex.def Info: gstudio-065.pdf used on input line 2124.
(pdftex.def)             Requested size: 404.71353pt x 404.7313pt.

Underfull \vbox (badness 10000) has occurred while \output is active []

 [39 <./gstudio-063.pdf>] [40 <./gstudio-065.pdf>]
<gstudio-066.pdf, id=234, 433.62pt x 433.62pt>
File: gstudio-066.pdf Graphic file (type pdf)
 <use gstudio-066.pdf>
Package pdftex.def Info: gstudio-066.pdf used on input line 2167.
(pdftex.def)             Requested size: 404.71353pt x 404.7313pt.

<gstudio-067.pdf, id=235, 433.62pt x 433.62pt>
File: gstudio-067.pdf Graphic file (type pdf)
 <use gstudio-067.pdf>
Package pdftex.def Info: gstudio-067.pdf used on input line 2182.
(pdftex.def)             Requested size: 404.71353pt x 404.7313pt.

Underfull \vbox (badness 6268) has occurred while \output is active []

 [41 <./gstudio-066.pdf>] [42 <./gstudio-067.pdf>]
<gstudio-069.pdf, id=254, 433.62pt x 433.62pt>
File: gstudio-069.pdf Graphic file (type pdf)
 <use gstudio-069.pdf>
Package pdftex.def Info: gstudio-069.pdf used on input line 2218.
(pdftex.def)             Requested size: 404.71353pt x 404.7313pt.

<gstudio-070.pdf, id=255, 433.62pt x 433.62pt>
File: gstudio-070.pdf Graphic file (type pdf)
 <use gstudio-070.pdf>
Package pdftex.def Info: gstudio-070.pdf used on input line 2229.
(pdftex.def)             Requested size: 404.71353pt x 404.7313pt.

Underfull \vbox (badness 10000) has occurred while \output is active []

 [43 <./gstudio-069.pdf>] [44 <./gstudio-070.pdf>]
<gstudio-072.pdf, id=275, 433.62pt x 433.62pt>
File: gstudio-072.pdf Graphic file (type pdf)
 <use gstudio-072.pdf>
Package pdftex.def Info: gstudio-072.pdf used on input line 2267.
(pdftex.def)             Requested size: 404.71353pt x 404.7313pt.
 [45 <./gstudio-072.pdf>]
Chapter 8.
<baja_pies.png, id=285, 347.2975pt x 312.16624pt>
File: baja_pies.png Graphic file (type png)
 <use baja_pies.png>
Package pdftex.def Info: baja_pies.png used on input line 2313.
(pdftex.def)             Requested size: 404.71353pt x 363.78976pt.
 [46

]
[47 <./baja_pies.png>]
Overfull \hbox (6.5336pt too wide) in paragraph at lines 2321--2322
\T1/aess/m/n/10 graph and is re-quired for spa-tial plot-ting. You can add thes
e prop-er-ties your-self if you like (use the \T1/aett/m/n/10 list.vertex.prope
rties
 []

<baja_graph.png, id=292, 364.36125pt x 342.27875pt>
File: baja_graph.png Graphic file (type png)
 <use baja_graph.png>
Package pdftex.def Info: baja_graph.png used on input line 2332.
(pdftex.def)             Requested size: 404.71353pt x 380.20024pt.

[48

 <./baja_graph.png>]
No file gstudio.ind.
[49


] (./gstudio.aux)

LaTeX Font Warning: Some font shapes were not available, defaults substituted.


LaTeX Warning: There were undefined references.


LaTeX Warning: Label(s) may have changed. Rerun to get cross-references right.

 ) 
Here is how much of TeX's memory you used:
 5121 strings out of 493629
 70109 string characters out of 3143323
 129462 words of memory out of 3000000
 8178 multiletter control sequences out of 15000+200000
 78113 words of font info for 185 fonts, out of 3000000 for 9000
 831 hyphenation exceptions out of 8191
 38i,10n,32p,696b,300s stack positions out of 5000i,500n,10000p,200000b,50000s
{/usr/local/texlive/2011/texmf-dist/fonts/enc/dvips/base/8r.enc}{/usr/local/t
exlive/2011/texmf-dist/fonts/enc/dvips/cm-super/cm-super-ts1.enc}{/usr/local/te
xlive/2011/texmf-dist/fonts/enc/dvips/kerkis/kerkisec.enc}{/usr/local/texlive/2
011/texmf-dist/fonts/enc/dvips/kerkis/kmath.enc}</usr/local/texlive/2011/texmf-
dist/fonts/type1/public/kerkis/Kerkis-Italic.pfb></usr/local/texlive/2011/texmf
-dist/fonts/type1/public/kerkis/Kerkis.pfb></usr/local/texlive/2011/texmf-dist/
fonts/type1/public/amsfonts/cm/cmr8.pfb></usr/local/texlive/2011/texmf-dist/fon
ts/type1/public/amsfonts/cm/cmsltt10.pfb></usr/local/texlive/2011/texmf-dist/fo
nts/type1/public/amsfonts/cm/cmss10.pfb></usr/local/texlive/2011/texmf-dist/fon
ts/type1/public/amsfonts/cm/cmss12.pfb></usr/local/texlive/2011/texmf-dist/font
s/type1/public/amsfonts/cm/cmss17.pfb></usr/local/texlive/2011/texmf-dist/fonts
/type1/public/amsfonts/cm/cmss8.pfb></usr/local/texlive/2011/texmf-dist/fonts/t
ype1/public/amsfonts/cm/cmssbx10.pfb></usr/local/texlive/2011/texmf-dist/fonts/
type1/public/amsfonts/cm/cmssi10.pfb></usr/local/texlive/2011/texmf-dist/fonts/
type1/public/amsfonts/cm/cmtt10.pfb></usr/local/texlive/2011/texmf-dist/fonts/t
ype1/public/amsfonts/cm/cmtt12.pfb></usr/local/texlive/2011/texmf-dist/fonts/ty
pe1/public/amsfonts/cm/cmtt8.pfb></usr/local/texlive/2011/texmf-dist/fonts/type
1/public/amsfonts/latxfont/lcircle1.pfb></usr/local/texlive/2011/texmf-dist/fon
ts/type1/public/amsfonts/latxfont/lcirclew.pfb></usr/local/texlive/2011/texmf-d
ist/fonts/type1/public/amsfonts/latxfont/line10.pfb></usr/local/texlive/2011/te
xmf-dist/fonts/type1/public/amsfonts/latxfont/linew10.pfb></usr/local/texlive/2
011/texmf-dist/fonts/type1/public/txfonts/rtxr.pfb></usr/local/texlive/2011/tex
mf-dist/fonts/type1/public/cm-super/sftt1000.pfb></usr/local/texlive/2011/texmf
-dist/fonts/type1/public/txfonts/txex.pfb></usr/local/texlive/2011/texmf-dist/f
onts/type1/public/txfonts/txsy.pfb></usr/local/texlive/2011/texmf-dist/fonts/ty
pe1/urw/times/utmr8a.pfb>
Output written on gstudio.pdf (55 pages, 907183 bytes).
PDF statistics:
 376 PDF objects out of 1000 (max. 8388607)
 264 compressed objects within 3 object streams
 0 named destinations out of 1000 (max. 500000)
 81 words of extra memory for PDF output out of 10000 (max. 10000000)

